[linergroup.tech/milena/index.html]
[backblue.gif]
[fade.gif]
[index.html]
[cdn.jsdelivr.net/npm/bootstrap@5.3.2/dist/css/bootstrap.min.css]
[cdn.jsdelivr.net/npm/bootstrap-icons@1.11.1/font/bootstrap-icons.css]
[linergroup.tech/milena/assets/css/animations.css]
[linergroup.tech/milena/index-2.html]
[linergroup.tech/milena/assets/img/logo-iUP-MILENA.png]
[linergroup.tech/milena/apropos.html]
[linergroup.tech/milena/formation1.html]
[linergroup.tech/milena/formation2.html]
[linergroup.tech/milena/formation3.html]
[linergroup.tech/milena/formation4.html]
[linergroup.tech/milena/formation5.html]
[linergroup.tech/milena/formation6.html]
[linergroup.tech/milena/formation7.html]
[linergroup.tech/milena/actualites.html]
[linergroup.tech/milena/vie-etudiant.html]
[linergroup.tech/milena/admission.html]
[linergroup.tech/milena/contacts.html]
[linergroup.tech/milena/assets/img/Acceuil.jpg]
[linergroup.tech/milena/assets/img/partner/linergroup.jpg]
[linergroup.tech/milena/assets/img/partner/itisa.jpg]
[linergroup.tech/milena/assets/img/partner/ana.jpg]
[linergroup.tech/milena/assets/img/partner/aventis.jpg]
[linergroup.tech/milena/assets/img/partner/pisen.png]
[linergroup.tech/milena/assets/img/partner/conceptis.jpg]
[linergroup.tech/milena/assets/img/partner/ireti.png]
[linergroup.tech/milena/assets/img/partner/siliscon sarl.png]
[linergroup.tech/milena/assets/img/partner/irewa.png]
[linergroup.tech/milena/assets/img/partner/compassion.png]
[linergroup.tech/milena/index.html]
[cdn.jsdelivr.net/npm/bootstrap@5.3.2/dist/css/bootstrap.min.css]
[cdn.jsdelivr.net/npm/bootstrap@5.3.2/dist/js/bootstrap.bundle.min.js]
[cdn.jsdelivr.net/npm/bootstrap-icons@1.11.1/font/fonts/bootstrap-iconsafdf.woff2]
[cdn.jsdelivr.net/npm/bootstrap-icons@1.11.1/font/fonts/bootstrap-iconsafdf.woff]
[cdn.jsdelivr.net/npm/bootstrap-icons@1.11.1/font/bootstrap-icons.css]
[linergroup.tech/milena/assets/css/animations.html]
[linergroup.tech/milena/index-2.html]
[linergroup.tech/milena/assets/css/style.css]
[linergroup.tech/milena/apropos.html]
[linergroup.tech/milena/assets/img/tech.jpg]
[linergroup.tech/milena/formation1.html]
[linergroup.tech/milena/formation2.html]
[linergroup.tech/milena/assets/img/btp.jpg]
[linergroup.tech/milena/formation3.html]
[linergroup.tech/milena/assets/img/agro.webp]
[linergroup.tech/milena/formation4.html]
[linergroup.tech/milena/assets/img/tranp.jpg]
[linergroup.tech/milena/formation5.html]
[linergroup.tech/milena/assets/img/art.jpg]
[linergroup.tech/milena/formation6.html]
[linergroup.tech/milena/assets/img/hote.webp]
[linergroup.tech/milena/formation7.html]
[linergroup.tech/milena/lireplus.html]
[linergroup.tech/milena/actualites.html]
[linergroup.tech/milena/vie-etudiant.html]
[linergroup.tech/milena/admission.html]
[linergroup.tech/milena/contacts.html]
[linergroup.tech/milena/assets/img/Acceuil.jpg]
[linergroup.tech/milena/assets/css/style.css]
[linergroup.tech/milena/assets/img/green.jpg]
[linergroup.tech/milena/formations.html]
[linergroup.tech/milena/lireplus.html]
[linergroup.tech/milena/assets/img/Acceuil.jpg]
[linergroup.tech/milena/formations.html]
